<?xml version="1.0" encoding="UTF-8"?>
<testsuite xmlns:xsi="http://www.w3.org/2001/XMLSchema-instance" xsi:noNamespaceSchemaLocation="https://maven.apache.org/surefire/maven-surefire-plugin/xsd/surefire-test-report-3.0.xsd" version="3.0" name="com.library.service.BookServiceTest" time="0.514" tests="3" errors="0" skipped="0" failures="0">
  <properties>
[...]
</properties>
  <testcase name="testFindByIdUsesCache" classname="com.library.service.BookServiceTest" time="0.094"/>
  <testcase name="testSearchUsesCache" classname="com.library.service.BookServiceTest" time="0.008"/>
  <testcase name="testFindAllUsesCache" classname="com.library.service.BookServiceTest" time="0.003"/>
</testsuite>